<?xml version="1.0" encoding="UTF-8"?>
<!-- Generated by org.testng.reporters.JUnitReportReporter -->
<testsuite skipped="0" hostname="SIV" name="getRequest.GetData" tests="1" failures="0" timestamp="07 Mar 2019 10:34:56 GMT" time="2.838" errors="0">
  <testcase name="testResponsecode" time="2.838" classname="getRequest.GetData"/>
</testsuite> <!-- getRequest.GetData -->
